<?xml version="1.0" encoding="UTF-8" ?>
<testsuite errors="0" failures="0" hostname="macbook-roben" name="eu.rbecker.jsepa.directdebit.DirectDebitDocumentBuilderTest" skipped="0" tests="1" time="0.289" timestamp="2016-06-17T11:18:12">
  <properties>
[...]
</properties>
  <testcase classname="eu.rbecker.jsepa.directdebit.DirectDebitDocumentBuilderTest" name="testToXml" time="0.247" />
  <system-out><![CDATA[<?xml version="1.0" encoding="UTF-8" standalone="yes"?>
<Document xmlns="urn:iso:std:iso:20022:tech:xsd:pain.008.003.02">
    <CstmrDrctDbtInitn>
        <GrpHdr>
            <MsgId>12345</MsgId>
            <CreDtTm>2016-06-17T13:18:13</CreDtTm>
            <NbOfTxs>8</NbOfTxs>
            <CtrlSum>893.76</CtrlSum>
            <InitgPty>
                <Nm>HANS MUSTERMANN</Nm>
            </InitgPty>
        </GrpHdr>
        <PmtInf>
            <PmtInfId>12345</PmtInfId>
            <PmtMtd>DD</PmtMtd>
            <BtchBookg>true</BtchBookg>
            <NbOfTxs>2</NbOfTxs>
            <CtrlSum>223.44</CtrlSum>
            <PmtTpInf>
                <SvcLvl>
                    <Cd>SEPA</Cd>
                </SvcLvl>
                <LclInstrm>
                    <Cd>COR1</Cd>
                </LclInstrm>
                <SeqTp>OOFF</SeqTp>
            </PmtTpInf>
            <ReqdColltnDt>2016-07-01</ReqdColltnDt>
            <Cdtr>
                <Nm>HANS MUSTERMANN</Nm>
            </Cdtr>
            <CdtrAcct>
                <Id>
                    <IBAN>DE89370400440532013000</IBAN>
                </Id>
            </CdtrAcct>
            <CdtrAgt>
                <FinInstnId>
                    <BIC>MALADE51NWD</BIC>
                </FinInstnId>
            </CdtrAgt>
            <ChrgBr>SLEV</ChrgBr>
            <DrctDbtTxInf>
                <PmtId>
                    <EndToEndId>mandate001</EndToEndId>
                </PmtId>
                <InstdAmt Ccy="EUR">123.45</InstdAmt>
                <DrctDbtTx>
                    <MndtRltdInf>
                        <MndtId>mandate001</MndtId>
                        <DtOfSgntr>2016-06-17</DtOfSgntr>
                    </MndtRltdInf>
                    <CdtrSchmeId>
                        <Id>
                            <PrvtId>
                                <Othr>
                                    <Id>DE98ZZZ09999999999</Id>
                                    <SchmeNm>
                                        <Prtry>SEPA</Prtry>
                                    </SchmeNm>
                                </Othr>
                            </PrvtId>
                        </Id>
                    </CdtrSchmeId>
                </DrctDbtTx>
                <DbtrAgt>
                    <FinInstnId>
                        <BIC>MALADE51NWD</BIC>
                    </FinInstnId>
                </DbtrAgt>
                <Dbtr>
                    <Nm>ARME WURST</Nm>
                </Dbtr>
                <DbtrAcct>
                    <Id>
                        <IBAN>DE89370400440532013000</IBAN>
                    </Id>
                </DbtrAcct>
                <RmtInf>
                    <Ustrd>TEST-UEBERWEISUNG</Ustrd>
                </RmtInf>
            </DrctDbtTxInf>
            <DrctDbtTxInf>
                <PmtId>
                    <EndToEndId>mandate001</EndToEndId>
                </PmtId>
                <InstdAmt Ccy="EUR">99.99</InstdAmt>
                <DrctDbtTx>
                    <MndtRltdInf>
                        <MndtId>mandate001</MndtId>
                        <DtOfSgntr>2016-06-17</DtOfSgntr>
                    </MndtRltdInf>
                    <CdtrSchmeId>
                        <Id>
                            <PrvtId>
                                <Othr>
                                    <Id>DE98ZZZ09999999999</Id>
                                    <SchmeNm>
                                        <Prtry>SEPA</Prtry>
                                    </SchmeNm>
                                </Othr>
                            </PrvtId>
                        </Id>
                    </CdtrSchmeId>
                </DrctDbtTx>
                <DbtrAgt>
                    <FinInstnId>
                        <BIC>MALADE51NWD</BIC>
                    </FinInstnId>
                </DbtrAgt>
                <Dbtr>
                    <Nm>ARME WURST2</Nm>
                </Dbtr>
                <DbtrAcct>
                    <Id>
                        <IBAN>DE89370400440532013000</IBAN>
                    </Id>
                </DbtrAcct>
                <RmtInf>
                    <Ustrd>TEST-UEBERWEISUNG</Ustrd>
                </RmtInf>
            </DrctDbtTxInf>
        </PmtInf>
        <PmtInf>
            <PmtInfId>12345</PmtInfId>
            <PmtMtd>DD</PmtMtd>
            <BtchBookg>true</BtchBookg>
            <NbOfTxs>2</NbOfTxs>
            <CtrlSum>223.44</CtrlSum>
            <PmtTpInf>
                <SvcLvl>
                    <Cd>SEPA</Cd>
                </SvcLvl>
                <LclInstrm>
                    <Cd>COR1</Cd>
                </LclInstrm>
                <SeqTp>RCUR</SeqTp>
            </PmtTpInf>
            <ReqdColltnDt>2016-07-01</ReqdColltnDt>
            <Cdtr>
                <Nm>HANS MUSTERMANN</Nm>
            </Cdtr>
            <CdtrAcct>
                <Id>
                    <IBAN>DE89370400440532013000</IBAN>
                </Id>
            </CdtrAcct>
            <CdtrAgt>
                <FinInstnId>
                    <BIC>MALADE51NWD</BIC>
                </FinInstnId>
            </CdtrAgt>
            <ChrgBr>SLEV</ChrgBr>
            <DrctDbtTxInf>
                <PmtId>
                    <EndToEndId>mandate001</EndToEndId>
                </PmtId>
                <InstdAmt Ccy="EUR">123.45</InstdAmt>
                <DrctDbtTx>
                    <MndtRltdInf>
                        <MndtId>mandate001</MndtId>
                        <DtOfSgntr>2016-06-17</DtOfSgntr>
                    </MndtRltdInf>
                    <CdtrSchmeId>
                        <Id>
                            <PrvtId>
                                <Othr>
                                    <Id>DE98ZZZ09999999999</Id>
                                    <SchmeNm>
                                        <Prtry>SEPA</Prtry>
                                    </SchmeNm>
                                </Othr>
                            </PrvtId>
                        </Id>
                    </CdtrSchmeId>
                </DrctDbtTx>
                <DbtrAgt>
                    <FinInstnId>
                        <BIC>MALADE51NWD</BIC>
                    </FinInstnId>
                </DbtrAgt>
                <Dbtr>
                    <Nm>ARME WURST</Nm>
                </Dbtr>
                <DbtrAcct>
                    <Id>
                        <IBAN>DE89370400440532013000</IBAN>
                    </Id>
                </DbtrAcct>
                <RmtInf>
                    <Ustrd>TEST-UEBERWEISUNG</Ustrd>
                </RmtInf>
            </DrctDbtTxInf>
            <DrctDbtTxInf>
                <PmtId>
                    <EndToEndId>mandate001</EndToEndId>
                </PmtId>
                <InstdAmt Ccy="EUR">99.99</InstdAmt>
                <DrctDbtTx>
                    <MndtRltdInf>
                        <MndtId>mandate001</MndtId>
                        <DtOfSgntr>2016-06-17</DtOfSgntr>
                    </MndtRltdInf>
                    <CdtrSchmeId>
                        <Id>
                            <PrvtId>
                                <Othr>
                                    <Id>DE98ZZZ09999999999</Id>
                                    <SchmeNm>
                                        <Prtry>SEPA</Prtry>
                                    </SchmeNm>
                                </Othr>
                            </PrvtId>
                        </Id>
                    </CdtrSchmeId>
                </DrctDbtTx>
                <DbtrAgt>
                    <FinInstnId>
                        <BIC>MALADE51NWD</BIC>
                    </FinInstnId>
                </DbtrAgt>
                <Dbtr>
                    <Nm>ARME WURST2</Nm>
                </Dbtr>
                <DbtrAcct>
                    <Id>
                        <IBAN>DE89370400440532013000</IBAN>
                    </Id>
                </DbtrAcct>
                <RmtInf>
                    <Ustrd>TEST-UEBERWEISUNG</Ustrd>
                </RmtInf>
            </DrctDbtTxInf>
        </PmtInf>
        <PmtInf>
            <PmtInfId>12345</PmtInfId>
            <PmtMtd>DD</PmtMtd>
            <BtchBookg>true</BtchBookg>
            <NbOfTxs>2</NbOfTxs>
            <CtrlSum>223.44</CtrlSum>
            <PmtTpInf>
                <SvcLvl>
                    <Cd>SEPA</Cd>
                </SvcLvl>
                <LclInstrm>
                    <Cd>COR1</Cd>
                </LclInstrm>
                <SeqTp>FRST</SeqTp>
            </PmtTpInf>
            <ReqdColltnDt>2016-07-01</ReqdColltnDt>
            <Cdtr>
                <Nm>HANS MUSTERMANN</Nm>
            </Cdtr>
            <CdtrAcct>
                <Id>
                    <IBAN>DE89370400440532013000</IBAN>
                </Id>
            </CdtrAcct>
            <CdtrAgt>
                <FinInstnId>
                    <BIC>MALADE51NWD</BIC>
                </FinInstnId>
            </CdtrAgt>
            <ChrgBr>SLEV</ChrgBr>
            <DrctDbtTxInf>
                <PmtId>
                    <EndToEndId>mandate001</EndToEndId>
                </PmtId>
                <InstdAmt Ccy="EUR">123.45</InstdAmt>
                <DrctDbtTx>
                    <MndtRltdInf>
                        <MndtId>mandate001</MndtId>
                        <DtOfSgntr>2016-06-17</DtOfSgntr>
                    </MndtRltdInf>
                    <CdtrSchmeId>
                        <Id>
                            <PrvtId>
                                <Othr>
                                    <Id>DE98ZZZ09999999999</Id>
                                    <SchmeNm>
                                        <Prtry>SEPA</Prtry>
                                    </SchmeNm>
                                </Othr>
                            </PrvtId>
                        </Id>
                    </CdtrSchmeId>
                </DrctDbtTx>
                <DbtrAgt>
                    <FinInstnId>
                        <BIC>MALADE51NWD</BIC>
                    </FinInstnId>
                </DbtrAgt>
                <Dbtr>
                    <Nm>ARME WURST</Nm>
                </Dbtr>
                <DbtrAcct>
                    <Id>
                        <IBAN>DE89370400440532013000</IBAN>
                    </Id>
                </DbtrAcct>
                <RmtInf>
                    <Ustrd>TEST-UEBERWEISUNG</Ustrd>
                </RmtInf>
            </DrctDbtTxInf>
            <DrctDbtTxInf>
                <PmtId>
                    <EndToEndId>mandate001</EndToEndId>
                </PmtId>
                <InstdAmt Ccy="EUR">99.99</InstdAmt>
                <DrctDbtTx>
                    <MndtRltdInf>
                        <MndtId>mandate001</MndtId>
                        <DtOfSgntr>2016-06-17</DtOfSgntr>
                    </MndtRltdInf>
                    <CdtrSchmeId>
                        <Id>
                            <PrvtId>
                                <Othr>
                                    <Id>DE98ZZZ09999999999</Id>
                                    <SchmeNm>
                                        <Prtry>SEPA</Prtry>
                                    </SchmeNm>
                                </Othr>
                            </PrvtId>
                        </Id>
                    </CdtrSchmeId>
                </DrctDbtTx>
                <DbtrAgt>
                    <FinInstnId>
                        <BIC>MALADE51NWD</BIC>
                    </FinInstnId>
                </DbtrAgt>
                <Dbtr>
                    <Nm>ARME WURST2</Nm>
                </Dbtr>
                <DbtrAcct>
                    <Id>
                        <IBAN>DE89370400440532013000</IBAN>
                    </Id>
                </DbtrAcct>
                <RmtInf>
                    <Ustrd>TEST-UEBERWEISUNG</Ustrd>
                </RmtInf>
            </DrctDbtTxInf>
        </PmtInf>
        <PmtInf>
            <PmtInfId>12345</PmtInfId>
            <PmtMtd>DD</PmtMtd>
            <BtchBookg>true</BtchBookg>
            <NbOfTxs>2</NbOfTxs>
            <CtrlSum>223.44</CtrlSum>
            <PmtTpInf>
                <SvcLvl>
                    <Cd>SEPA</Cd>
                </SvcLvl>
                <LclInstrm>
                    <Cd>COR1</Cd>
                </LclInstrm>
                <SeqTp>FNAL</SeqTp>
            </PmtTpInf>
            <ReqdColltnDt>2016-07-01</ReqdColltnDt>
            <Cdtr>
                <Nm>HANS MUSTERMANN</Nm>
            </Cdtr>
            <CdtrAcct>
                <Id>
                    <IBAN>DE89370400440532013000</IBAN>
                </Id>
            </CdtrAcct>
            <CdtrAgt>
                <FinInstnId>
                    <BIC>MALADE51NWD</BIC>
                </FinInstnId>
            </CdtrAgt>
            <ChrgBr>SLEV</ChrgBr>
            <DrctDbtTxInf>
                <PmtId>
                    <EndToEndId>mandate001</EndToEndId>
                </PmtId>
                <InstdAmt Ccy="EUR">123.45</InstdAmt>
                <DrctDbtTx>
                    <MndtRltdInf>
                        <MndtId>mandate001</MndtId>
                        <DtOfSgntr>2016-06-17</DtOfSgntr>
                    </MndtRltdInf>
                    <CdtrSchmeId>
                        <Id>
                            <PrvtId>
                                <Othr>
                                    <Id>DE98ZZZ09999999999</Id>
                                    <SchmeNm>
                                        <Prtry>SEPA</Prtry>
                                    </SchmeNm>
                                </Othr>
                            </PrvtId>
                        </Id>
                    </CdtrSchmeId>
                </DrctDbtTx>
                <DbtrAgt>
                    <FinInstnId>
                        <BIC>MALADE51NWD</BIC>
                    </FinInstnId>
                </DbtrAgt>
                <Dbtr>
                    <Nm>ARME WURST</Nm>
                </Dbtr>
                <DbtrAcct>
                    <Id>
                        <IBAN>DE89370400440532013000</IBAN>
                    </Id>
                </DbtrAcct>
                <RmtInf>
                    <Ustrd>TEST-UEBERWEISUNG</Ustrd>
                </RmtInf>
            </DrctDbtTxInf>
            <DrctDbtTxInf>
                <PmtId>
                    <EndToEndId>mandate001</EndToEndId>
                </PmtId>
                <InstdAmt Ccy="EUR">99.99</InstdAmt>
                <DrctDbtTx>
                    <MndtRltdInf>
                        <MndtId>mandate001</MndtId>
                        <DtOfSgntr>2016-06-17</DtOfSgntr>
                    </MndtRltdInf>
                    <CdtrSchmeId>
                        <Id>
                            <PrvtId>
                                <Othr>
                                    <Id>DE98ZZZ09999999999</Id>
                                    <SchmeNm>
                                        <Prtry>SEPA</Prtry>
                                    </SchmeNm>
                                </Othr>
                            </PrvtId>
                        </Id>
                    </CdtrSchmeId>
                </DrctDbtTx>
                <DbtrAgt>
                    <FinInstnId>
                        <BIC>MALADE51NWD</BIC>
                    </FinInstnId>
                </DbtrAgt>
                <Dbtr>
                    <Nm>ARME WURST2</Nm>
                </Dbtr>
                <DbtrAcct>
                    <Id>
                        <IBAN>DE89370400440532013000</IBAN>
                    </Id>
                </DbtrAcct>
                <RmtInf>
                    <Ustrd>TEST-UEBERWEISUNG</Ustrd>
                </RmtInf>
            </DrctDbtTxInf>
        </PmtInf>
    </CstmrDrctDbtInitn>
</Document>

]]></system-out>
  <system-err><![CDATA[]]></system-err>
</testsuite>
